<?xml version="1.0" encoding="UTF-8"?>
<testsuite xmlns:xsi="http://www.w3.org/2001/XMLSchema-instance" xsi:noNamespaceSchemaLocation="https://maven.apache.org/surefire/maven-failsafe-plugin/xsd/failsafe-test-report.xsd" name="com.qaupskilling.cucumber.runners.CucumberSampleTestRunner" time="68.262" tests="13" errors="0" skipped="0" failures="0">
  <properties>
[...]
</properties>
  <testcase name="Create user - happy path" classname="com.qaupskilling.cucumber.runners.CucumberSampleTestRunner" time="14.891"/>
  <testcase name="Get user with id and verify email #1" classname="com.qaupskilling.cucumber.runners.CucumberSampleTestRunner" time="4.14"/>
  <testcase name="Get user with id and verify email #2" classname="com.qaupskilling.cucumber.runners.CucumberSampleTestRunner" time="4.371"/>
  <testcase name="Get user with id and verify email #3" classname="com.qaupskilling.cucumber.runners.CucumberSampleTestRunner" time="4.035"/>
  <testcase name="User have been registered successfully" classname="com.qaupskilling.cucumber.runners.CucumberSampleTestRunner" time="4.284"/>
  <testcase name="User have not been registered without password" classname="com.qaupskilling.cucumber.runners.CucumberSampleTestRunner" time="4.099"/>
  <testcase name="Given User have been registered successfully #1" classname="com.qaupskilling.cucumber.runners.CucumberSampleTestRunner" time="4.144"/>
  <testcase name="Given User have been registered successfully #2" classname="com.qaupskilling.cucumber.runners.CucumberSampleTestRunner" time="3.852"/>
  <testcase name="Given User have been registered successfully #3" classname="com.qaupskilling.cucumber.runners.CucumberSampleTestRunner" time="5.005"/>
  <testcase name="Get all users for subscription audition" classname="com.qaupskilling.cucumber.runners.CucumberSampleTestRunner" time="4.557"/>
  <testcase name="Get user with id = 7" classname="com.qaupskilling.cucumber.runners.CucumberSampleTestRunner" time="4.712"/>
  <testcase name="Get user with id = 6" classname="com.qaupskilling.cucumber.runners.CucumberSampleTestRunner" time="3.713"/>
  <testcase name="Get user with id = 5" classname="com.qaupskilling.cucumber.runners.CucumberSampleTestRunner" time="5.88"/>
</testsuite>